<?xml version="1.0" encoding="UTF-8"?>
<testsuite name="Matrix" tests="4" skipped="0" failures="0" errors="0" timestamp="2026-01-21T08:45:05" hostname="DESKTOP-1CBJOJU" time="0.532">
  <properties/>
  <testcase name="Determinant" classname="Matrix" time="0.508"/>
  <testcase name="Transpose" classname="Matrix" time="0.011"/>
  <testcase name="Inverse" classname="Matrix" time="0.007"/>
  <testcase name="Cofactor" classname="Matrix" time="0.005"/>
  <system-out><![CDATA[]]></system-out>
  <system-err><![CDATA[]]></system-err>
</testsuite>
